[2025-08-28T08:58:39.367Z] START_COMMAND - User: Igi || READY UNBAN 2023 HARIAN (@Igimonsan, ID: 6672706849) 
[2025-08-28T08:58:49.111Z] EXTRACT_COMMAND - User: Igi || READY UNBAN 2023 HARIAN (@Igimonsan, ID: 6672706849) Phone: 089519705542
[2025-08-28T08:59:29.469Z] EXTRACT_COMMAND - User: Igi || READY UNBAN 2023 HARIAN (@Igimonsan, ID: 6672706849) Phone: 6283862759162
[2025-08-28T09:01:14.504Z] EXTRACT_COMMAND - User: Igi || READY UNBAN 2023 HARIAN (@Igimonsan, ID: 6672706849) Phone: 6289519705542
[2025-08-28T09:06:49.723Z] EXTRACT_COMMAND - User: Igi || READY UNBAN 2023 HARIAN (@Igimonsan, ID: 6672706849) Phone: 6289519705542
[2025-08-28T09:06:51.091Z] PAIRING_CODE_SENT - User: Igi || READY UNBAN 2023 HARIAN (@Igimonsan, ID: 6672706849) Code: 62857131
[2025-08-28T09:15:55.863Z] EXTRACT_COMMAND - User: Igi || READY UNBAN 2023 HARIAN (@Igimonsan, ID: 6672706849) Phone: 6289519705542
[2025-08-28T09:20:14.662Z] EXTRACT_COMMAND - User: Igi || READY UNBAN 2023 HARIAN (@Igimonsan, ID: 6672706849) Phone: 6289519705542
[2025-08-28T09:22:12.611Z] EXTRACT_COMMAND - User: Igi || READY UNBAN 2023 HARIAN (@Igimonsan, ID: 6672706849) Phone: 6289519705542
[2025-08-28T09:25:38.124Z] EXTRACT_COMMAND - User: Igi || READY UNBAN 2023 HARIAN (@Igimonsan, ID: 6672706849) Phone: 6289519705542
[2025-08-28T09:25:54.389Z] EXTRACT_COMMAND - User: Igi || READY UNBAN 2023 HARIAN (@Igimonsan, ID: 6672706849) Phone: 6289519705542
[2025-08-28T09:26:06.379Z] EXTRACT_COMMAND - User: Igi || READY UNBAN 2023 HARIAN (@Igimonsan, ID: 6672706849) Phone: 6289519705542
[2025-08-28T09:26:13.304Z] CANCEL_COMMAND - User: Igi || READY UNBAN 2023 HARIAN (@Igimonsan, ID: 6672706849) 
[2025-08-28T09:26:13.672Z] PROCESS_CANCELLED - User: Igi || READY UNBAN 2023 HARIAN (@Igimonsan, ID: 6672706849) 
[2025-08-28T09:26:13.696Z] EXTRACTION_FAILED - User: Igi || READY UNBAN 2023 HARIAN (@Igimonsan, ID: 6672706849) Phone: 6289519705542, Code: null
[2025-08-28T09:26:22.463Z] EXTRACT_COMMAND - User: Igi || READY UNBAN 2023 HARIAN (@Igimonsan, ID: 6672706849) Phone: 6289519705542
[2025-08-28T09:26:44.227Z] START_COMMAND - User: Igi || READY UNBAN 2023 HARIAN (@Igimonsan, ID: 6672706849) 
[2025-08-28T09:26:48.528Z] STATUS_COMMAND - User: Igi || READY UNBAN 2023 HARIAN (@Igimonsan, ID: 6672706849) 
[2025-08-28T09:26:56.554Z] EXTRACT_COMMAND - User: Igi || READY UNBAN 2023 HARIAN (@Igimonsan, ID: 6672706849) Phone: 6289519705542
[2025-08-28T09:29:02.812Z] EXTRACT_COMMAND - User: Igi || READY UNBAN 2023 HARIAN (@Igimonsan, ID: 6672706849) Phone: 6289519705542
[2025-08-28T09:29:31.270Z] EXTRACT_COMMAND - User: Igi || READY UNBAN 2023 HARIAN (@Igimonsan, ID: 6672706849) Phone: 6282148621180
[2025-08-28T09:35:34.007Z] EXTRACT_COMMAND - User: Igi || READY UNBAN 2023 HARIAN (@Igimonsan, ID: 6672706849) Phone: 6282148621180
[2025-08-28T09:35:39.701Z] CANCEL_COMMAND - User: Igi || READY UNBAN 2023 HARIAN (@Igimonsan, ID: 6672706849) 
[2025-08-28T09:35:40.079Z] PROCESS_CANCELLED - User: Igi || READY UNBAN 2023 HARIAN (@Igimonsan, ID: 6672706849) Phone: 6282148621180
[2025-08-28T09:35:40.126Z] EXTRACTION_FAILED - User: Igi || READY UNBAN 2023 HARIAN (@Igimonsan, ID: 6672706849) Phone: 6282148621180, Code: null
[2025-08-28T09:35:47.951Z] EXTRACT_COMMAND - User: Igi || READY UNBAN 2023 HARIAN (@Igimonsan, ID: 6672706849) Phone: 6289519705542
[2025-08-28T09:35:55.258Z] CANCEL_COMMAND - User: Igi || READY UNBAN 2023 HARIAN (@Igimonsan, ID: 6672706849) 
[2025-08-28T09:35:55.636Z] PROCESS_CANCELLED - User: Igi || READY UNBAN 2023 HARIAN (@Igimonsan, ID: 6672706849) Phone: 6289519705542
[2025-08-28T09:35:55.652Z] EXTRACTION_FAILED - User: Igi || READY UNBAN 2023 HARIAN (@Igimonsan, ID: 6672706849) Phone: 6289519705542, Code: null
[2025-08-28T09:36:24.970Z] EXTRACT_COMMAND - User: Igi || READY UNBAN 2023 HARIAN (@Igimonsan, ID: 6672706849) Phone: 6283862759162
[2025-08-28T09:37:41.510Z] EXTRACT_COMMAND - User: Igi || READY UNBAN 2023 HARIAN (@Igimonsan, ID: 6672706849) Phone: 6283862759162
[2025-08-28T09:39:02.150Z] EXTRACT_COMMAND - User: Igi || READY UNBAN 2023 HARIAN (@Igimonsan, ID: 6672706849) Phone: 6283862759162
[2025-08-28T09:46:07.302Z] EXTRACT_COMMAND - User: Igi || READY UNBAN 2023 HARIAN (@Igimonsan, ID: 6672706849) Phone: 6283862759162
[2025-08-28T09:46:58.010Z] CANCEL_COMMAND - User: Igi || READY UNBAN 2023 HARIAN (@Igimonsan, ID: 6672706849) 
[2025-08-28T09:46:58.390Z] PROCESS_CANCELLED - User: Igi || READY UNBAN 2023 HARIAN (@Igimonsan, ID: 6672706849) Phone: 6283862759162
[2025-08-28T09:46:58.426Z] EXTRACTION_FAILED - User: Igi || READY UNBAN 2023 HARIAN (@Igimonsan, ID: 6672706849) Phone: 6283862759162, Code: null
[2025-08-28T09:47:01.075Z] EXTRACT_COMMAND - User: Igi || READY UNBAN 2023 HARIAN (@Igimonsan, ID: 6672706849) Phone: 6283862759162
[2025-08-28T09:47:15.101Z] CANCEL_COMMAND - User: Igi || READY UNBAN 2023 HARIAN (@Igimonsan, ID: 6672706849) 
[2025-08-28T09:47:15.489Z] PROCESS_CANCELLED - User: Igi || READY UNBAN 2023 HARIAN (@Igimonsan, ID: 6672706849) Phone: 6283862759162
[2025-08-28T09:47:15.518Z] EXTRACTION_FAILED - User: Igi || READY UNBAN 2023 HARIAN (@Igimonsan, ID: 6672706849) Phone: 6283862759162, Code: null
[2025-08-28T09:47:23.924Z] EXTRACT_COMMAND - User: Igi || READY UNBAN 2023 HARIAN (@Igimonsan, ID: 6672706849) Phone: 6289519705542
[2025-08-28T09:51:06.269Z] EXTRACT_COMMAND - User: Igi || READY UNBAN 2023 HARIAN (@Igimonsan, ID: 6672706849) Phone: 6289519705542
[2025-08-28T09:52:21.265Z] EXTRACT_COMMAND - User: Igi || READY UNBAN 2023 HARIAN (@Igimonsan, ID: 6672706849) Phone: 6289519705542
[2025-08-28T09:53:36.481Z] EXTRACT_COMMAND - User: Igi || READY UNBAN 2023 HARIAN (@Igimonsan, ID: 6672706849) Phone: 6285290684548
[2025-08-28T10:01:20.454Z] EXTRACT_COMMAND - User: Igi || READY UNBAN 2023 HARIAN (@Igimonsan, ID: 6672706849) Phone: 6285290684548
[2025-08-28T10:01:42.306Z] CANCEL_COMMAND - User: Igi || READY UNBAN 2023 HARIAN (@Igimonsan, ID: 6672706849) 
[2025-08-28T10:01:42.689Z] PROCESS_CANCELLED - User: Igi || READY UNBAN 2023 HARIAN (@Igimonsan, ID: 6672706849) Phone: 6285290684548
[2025-08-28T10:01:42.728Z] EXTRACTION_FAILED - User: Igi || READY UNBAN 2023 HARIAN (@Igimonsan, ID: 6672706849) Phone: 6285290684548, Code: null
[2025-08-28T10:01:47.745Z] EXTRACT_COMMAND - User: Igi || READY UNBAN 2023 HARIAN (@Igimonsan, ID: 6672706849) Phone: 6285290684548
[2025-08-28T10:01:51.367Z] EXTRACTION_RESULT_ERROR - User: Igi || READY UNBAN 2023 HARIAN (@Igimonsan, ID: 6672706849) Phone: 6285290684548, Error: Group directory not found
[2025-08-28T10:02:02.250Z] CANCEL_COMMAND - User: Igi || READY UNBAN 2023 HARIAN (@Igimonsan, ID: 6672706849) 
[2025-08-28T10:02:06.396Z] EXTRACT_COMMAND - User: Igi || READY UNBAN 2023 HARIAN (@Igimonsan, ID: 6672706849) Phone: 6285290684548
[2025-08-28T10:02:27.882Z] CANCEL_COMMAND - User: Igi || READY UNBAN 2023 HARIAN (@Igimonsan, ID: 6672706849) 
[2025-08-28T10:02:28.254Z] PROCESS_CANCELLED - User: Igi || READY UNBAN 2023 HARIAN (@Igimonsan, ID: 6672706849) Phone: 6285290684548
[2025-08-28T10:02:28.276Z] EXTRACTION_FAILED - User: Igi || READY UNBAN 2023 HARIAN (@Igimonsan, ID: 6672706849) Phone: 6285290684548, Code: null
[2025-08-28T10:47:02.471Z] EXTRACT_COMMAND - User: Igi || READY UNBAN 2023 HARIAN (@Igimonsan, ID: 6672706849) Phone: 6285713153770
[2025-08-28T10:47:32.989Z] CANCEL_COMMAND - User: Igi || READY UNBAN 2023 HARIAN (@Igimonsan, ID: 6672706849) 
[2025-08-28T10:47:33.359Z] PROCESS_CANCELLED - User: Igi || READY UNBAN 2023 HARIAN (@Igimonsan, ID: 6672706849) Phone: 6285713153770
[2025-08-28T10:47:33.412Z] EXTRACTION_FAILED - User: Igi || READY UNBAN 2023 HARIAN (@Igimonsan, ID: 6672706849) Phone: 6285713153770, Code: null
[2025-08-28T10:48:07.109Z] EXTRACT_COMMAND - User: Igi || READY UNBAN 2023 HARIAN (@Igimonsan, ID: 6672706849) Phone: 6285713153770
[2025-08-28T10:48:14.332Z] EXTRACTION_RESULT_ERROR - User: Igi || READY UNBAN 2023 HARIAN (@Igimonsan, ID: 6672706849) Phone: 6285713153770, Error: Group directory not found
[2025-08-28T10:48:20.081Z] EXTRACT_COMMAND - User: Igi || READY UNBAN 2023 HARIAN (@Igimonsan, ID: 6672706849) Phone: 6285713153770
[2025-08-28T10:48:31.063Z] CANCEL_COMMAND - User: Igi || READY UNBAN 2023 HARIAN (@Igimonsan, ID: 6672706849) 
[2025-08-28T10:48:31.447Z] PROCESS_CANCELLED - User: Igi || READY UNBAN 2023 HARIAN (@Igimonsan, ID: 6672706849) Phone: 6285713153770
[2025-08-28T10:48:31.460Z] EXTRACTION_FAILED - User: Igi || READY UNBAN 2023 HARIAN (@Igimonsan, ID: 6672706849) Phone: 6285713153770, Code: null
[2025-08-28T10:48:57.516Z] EXTRACT_COMMAND - User: Igi || READY UNBAN 2023 HARIAN (@Igimonsan, ID: 6672706849) Phone: 6285713153770
[2025-08-28T10:49:06.305Z] CANCEL_COMMAND - User: Igi || READY UNBAN 2023 HARIAN (@Igimonsan, ID: 6672706849) 
[2025-08-28T10:49:06.704Z] PROCESS_CANCELLED - User: Igi || READY UNBAN 2023 HARIAN (@Igimonsan, ID: 6672706849) Phone: 6285713153770
[2025-08-28T10:49:06.726Z] EXTRACTION_FAILED - User: Igi || READY UNBAN 2023 HARIAN (@Igimonsan, ID: 6672706849) Phone: 6285713153770, Code: null
[2025-08-28T10:51:40.901Z] EXTRACT_COMMAND - User: Igi || READY UNBAN 2023 HARIAN (@Igimonsan, ID: 6672706849) Phone: 6285713153770
[2025-08-28T10:51:56.219Z] CANCEL_COMMAND - User: Igi || READY UNBAN 2023 HARIAN (@Igimonsan, ID: 6672706849) 
[2025-08-28T10:51:56.630Z] PROCESS_CANCELLED - User: Igi || READY UNBAN 2023 HARIAN (@Igimonsan, ID: 6672706849) Phone: 6285713153770
[2025-08-28T10:51:56.651Z] EXTRACTION_FAILED - User: Igi || READY UNBAN 2023 HARIAN (@Igimonsan, ID: 6672706849) Phone: 6285713153770, Code: null
[2025-08-28T10:52:14.250Z] EXTRACT_COMMAND - User: Igi || READY UNBAN 2023 HARIAN (@Igimonsan, ID: 6672706849) Phone: 6285713153770
[2025-08-28T10:54:31.320Z] EXTRACT_COMMAND - User: Igi || READY UNBAN 2023 HARIAN (@Igimonsan, ID: 6672706849) Phone: 6285713153770
[2025-08-29T03:59:08.737Z] EXTRACT_COMMAND - User: Igi || READY UNBAN 2023 HARIAN (@Igimonsan, ID: 6672706849) Phone: 6283862759162
[2025-08-29T04:02:31.106Z] EXTRACT_COMMAND - User: Igi || READY UNBAN 2023 HARIAN (@Igimonsan, ID: 6672706849) Phone: 6283862759162
[2025-08-29T04:04:24.074Z] EXTRACT_COMMAND - User: Igi || READY UNBAN 2023 HARIAN (@Igimonsan, ID: 6672706849) Phone: 6283862759162
[2025-08-29T04:04:48.678Z] EXTRACT_COMMAND - User: Igi || READY UNBAN 2023 HARIAN (@Igimonsan, ID: 6672706849) Phone: 6283862759162
[2025-08-29T04:08:15.891Z] EXTRACT_COMMAND - User: Igi || READY UNBAN 2023 HARIAN (@Igimonsan, ID: 6672706849) Phone: 6283862759162
[2025-08-29T04:08:35.892Z] CANCEL_COMMAND - User: Igi || READY UNBAN 2023 HARIAN (@Igimonsan, ID: 6672706849) 
[2025-08-29T04:08:36.262Z] PROCESS_CANCELLED - User: Igi || READY UNBAN 2023 HARIAN (@Igimonsan, ID: 6672706849) Phone: 6283862759162
[2025-08-29T04:08:36.292Z] EXTRACTION_FAILED - User: Igi || READY UNBAN 2023 HARIAN (@Igimonsan, ID: 6672706849) Phone: 6283862759162, Code: null
[2025-08-29T04:09:09.276Z] EXTRACT_COMMAND - User: Igi || READY UNBAN 2023 HARIAN (@Igimonsan, ID: 6672706849) Phone: 6289519705542
[2025-08-29T04:14:39.280Z] EXTRACT_COMMAND - User: Igi || READY UNBAN 2023 HARIAN (@Igimonsan, ID: 6672706849) Phone: 6289519705542
[2025-08-29T04:17:45.196Z] EXTRACT_COMMAND - User: Igi || READY UNBAN 2023 HARIAN (@Igimonsan, ID: 6672706849) Phone: 6289519705542
[2025-08-29T04:23:19.620Z] EXTRACT_COMMAND - User: Igi || READY UNBAN 2023 HARIAN (@Igimonsan, ID: 6672706849) Phone: 6289519705542
[2025-08-29T04:25:21.546Z] EXTRACT_COMMAND - User: Igi || READY UNBAN 2023 HARIAN (@Igimonsan, ID: 6672706849) Phone: 6285713153213
[2025-08-29T04:25:39.605Z] CANCEL_COMMAND - User: Igi || READY UNBAN 2023 HARIAN (@Igimonsan, ID: 6672706849) 
[2025-08-29T04:25:39.982Z] PROCESS_CANCELLED - User: Igi || READY UNBAN 2023 HARIAN (@Igimonsan, ID: 6672706849) Phone: 6285713153213
[2025-08-29T04:25:40.032Z] EXTRACTION_FAILED - User: Igi || READY UNBAN 2023 HARIAN (@Igimonsan, ID: 6672706849) Phone: 6285713153213, Code: null
[2025-08-29T04:26:24.139Z] EXTRACT_COMMAND - User: Igi || READY UNBAN 2023 HARIAN (@Igimonsan, ID: 6672706849) Phone: 6282241468704
[2025-08-30T12:10:43.714Z] EXTRACT_COMMAND - User: Igi || READY UNBAN 2023 HARIAN (@Igimonsan, ID: 6672706849) Phone: 6283829929802
[2025-08-30T12:10:53.610Z] CANCEL_COMMAND - User: Igi || READY UNBAN 2023 HARIAN (@Igimonsan, ID: 6672706849) 
[2025-08-30T12:10:53.990Z] PROCESS_CANCELLED - User: Igi || READY UNBAN 2023 HARIAN (@Igimonsan, ID: 6672706849) Phone: 6283829929802
[2025-08-30T12:10:54.028Z] EXTRACTION_FAILED - User: Igi || READY UNBAN 2023 HARIAN (@Igimonsan, ID: 6672706849) Phone: 6283829929802, Code: null
[2025-08-30T12:11:21.182Z] EXTRACT_COMMAND - User: Igi || READY UNBAN 2023 HARIAN (@Igimonsan, ID: 6672706849) Phone: 6283862759162
[2025-08-30T12:11:58.838Z] EXTRACT_COMMAND - User: Igi || READY UNBAN 2023 HARIAN (@Igimonsan, ID: 6672706849) Phone: 6283862759162
[2025-08-30T12:15:03.754Z] START_COMMAND - User: Igi || READY UNBAN 2023 HARIAN (@Igimonsan, ID: 6672706849) 
[2025-08-30T12:16:16.782Z] EXTRACT_COMMAND - User: Igi || READY UNBAN 2023 HARIAN (@Igimonsan, ID: 6672706849) Phone: 6283862759162
[2025-08-30T12:20:02.084Z] EXTRACTION_SUCCESS - User: Igi || READY UNBAN 2023 HARIAN (@Igimonsan, ID: 6672706849) Phone: 6283862759162, Groups: 48, Success: 17
[2025-08-30T12:21:55.581Z] STATUS_COMMAND - User: Igi || READY UNBAN 2023 HARIAN (@Igimonsan, ID: 6672706849) 
[2025-08-30T12:22:12.836Z] START_COMMAND - User: Pompa (@Rating99, ID: 7698255755) 
[2025-08-30T12:27:25.344Z] START_COMMAND - User: Samsudin (@Iggimon, ID: 6649917267) 
[2025-08-30T12:28:35.551Z] START_COMMAND - User: Samsudin (@Iggimon, ID: 6649917267) 
[2025-08-30T12:31:21.894Z] EXTRACT_COMMAND - User: Igi || READY UNBAN 2023 HARIAN (@Igimonsan, ID: 6672706849) Phone: 6285713153212
[2025-08-30T12:31:27.625Z] CANCEL_COMMAND - User: Igi || READY UNBAN 2023 HARIAN (@Igimonsan, ID: 6672706849) 
[2025-08-30T12:31:28.003Z] PROCESS_CANCELLED - User: Igi || READY UNBAN 2023 HARIAN (@Igimonsan, ID: 6672706849) Phone: 6285713153212
[2025-08-30T12:31:28.291Z] EXTRACTION_FAILED - User: Igi || READY UNBAN 2023 HARIAN (@Igimonsan, ID: 6672706849) Phone: 6285713153212, Code: null
[2025-08-30T12:31:39.528Z] EXTRACT_COMMAND - User: Igi || READY UNBAN 2023 HARIAN (@Igimonsan, ID: 6672706849) Phone: 6285713153213
[2025-08-30T12:32:38.893Z] EXTRACTION_SUCCESS - User: Igi || READY UNBAN 2023 HARIAN (@Igimonsan, ID: 6672706849) Phone: 6285713153213, Groups: 6, Success: 5
[2025-08-30T13:03:30.337Z] START_COMMAND - User: Igi || READY UNBAN 2023 HARIAN (@Igimonsan, ID: 6672706849) 
[2025-08-30T13:04:00.890Z] START_COMMAND - User: Samsudin (@Iggimon, ID: 6649917267) 
[2025-08-30T13:04:24.399Z] ADDADMIN_COMMAND - User: Igi || READY UNBAN 2023 HARIAN (@Igimonsan, ID: 6672706849) Target: 6649917267
[2025-08-30T13:04:24.788Z] ADMIN_ADDED - User: Igi || READY UNBAN 2023 HARIAN (@Igimonsan, ID: 6672706849) New admin: 6649917267
[2025-08-30T13:04:38.692Z] LISTADMINS_COMMAND - User: Igi || READY UNBAN 2023 HARIAN (@Igimonsan, ID: 6672706849) 
[2025-08-30T13:13:47.207Z] START_COMMAND - User: Igi || READY UNBAN 2023 HARIAN (@Igimonsan, ID: 6672706849) 
[2025-08-30T13:13:54.304Z] START_COMMAND - User: Igi || READY UNBAN 2023 HARIAN (@Igimonsan, ID: 6672706849) 
[2025-08-30T13:15:29.704Z] AUTOJOIN_COMMAND - User: Igi || READY UNBAN 2023 HARIAN (@Igimonsan, ID: 6672706849) Phone: 6283862759162
[2025-08-30T13:17:16.259Z] START_COMMAND - User: Igi || READY UNBAN 2023 HARIAN (@Igimonsan, ID: 6672706849) 
[2025-08-30T13:17:29.825Z] LISTADMINS_COMMAND - User: Igi || READY UNBAN 2023 HARIAN (@Igimonsan, ID: 6672706849) 
[2025-08-30T13:17:54.156Z] START_COMMAND - User: Igi || READY UNBAN 2023 HARIAN (@Igimonsan, ID: 6672706849) 
[2025-08-30T13:18:06.509Z] LISTADMINS_COMMAND - User: Igi || READY UNBAN 2023 HARIAN (@Igimonsan, ID: 6672706849) 
[2025-08-30T13:18:20.034Z] ADDADMIN_COMMAND - User: Igi || READY UNBAN 2023 HARIAN (@Igimonsan, ID: 6672706849) Target: not provided
[2025-08-30T13:18:28.492Z] ADDADMIN_COMMAND - User: Igi || READY UNBAN 2023 HARIAN (@Igimonsan, ID: 6672706849) Target: 123
[2025-08-30T13:18:28.927Z] ADMIN_ADDED - User: Igi || READY UNBAN 2023 HARIAN (@Igimonsan, ID: 6672706849) New admin: 123
[2025-08-30T13:49:17.649Z] START_COMMAND - User: Igi || READY UNBAN 2023 HARIAN (@Igimonsan, ID: 6672706849) 
[2025-08-30T13:49:26.439Z] HELP_COMMAND - User: Igi || READY UNBAN 2023 HARIAN (@Igimonsan, ID: 6672706849) 
[2025-08-30T13:57:37.778Z] START_COMMAND - User: Igi || READY UNBAN 2023 HARIAN (@Igimonsan, ID: 6672706849) 
[2025-08-30T13:57:45.625Z] ADDADMIN_COMMAND - User: Igi || READY UNBAN 2023 HARIAN (@Igimonsan, ID: 6672706849) Target: 123
[2025-08-30T13:57:46.012Z] ADMIN_ADDED - User: Igi || READY UNBAN 2023 HARIAN (@Igimonsan, ID: 6672706849) New admin: 123
[2025-08-30T13:57:51.557Z] REMOVEADMIN_COMMAND - User: Igi || READY UNBAN 2023 HARIAN (@Igimonsan, ID: 6672706849) Target: 123
[2025-08-30T13:57:51.939Z] ADMIN_REMOVED - User: Igi || READY UNBAN 2023 HARIAN (@Igimonsan, ID: 6672706849) Removed admin: 123
[2025-08-30T13:58:44.279Z] START_COMMAND - User: Samsudin (@Iggimon, ID: 6649917267) 
[2025-08-30T13:58:54.234Z] ADDADMIN_COMMAND - User: Igi || READY UNBAN 2023 HARIAN (@Igimonsan, ID: 6672706849) Target: 6649917267
[2025-08-30T13:58:54.613Z] ADMIN_ADDED - User: Igi || READY UNBAN 2023 HARIAN (@Igimonsan, ID: 6672706849) New admin: 6649917267
[2025-08-30T13:59:57.188Z] HELP_COMMAND - User: Samsudin (@Iggimon, ID: 6649917267) 
[2025-08-30T14:00:10.003Z] REMOVEADMIN_COMMAND - User: Igi || READY UNBAN 2023 HARIAN (@Igimonsan, ID: 6672706849) Target: 6649917267
[2025-08-30T14:00:10.421Z] ADMIN_REMOVED - User: Igi || READY UNBAN 2023 HARIAN (@Igimonsan, ID: 6672706849) Removed admin: 6649917267
[2025-08-30T14:29:26.632Z] ADDADMIN_COMMAND - User: Igi || READY UNBAN 2023 HARIAN (@Igimonsan, ID: 6672706849) Target: 6649917267
[2025-08-30T14:29:27.017Z] ADMIN_ADDED - User: Igi || READY UNBAN 2023 HARIAN (@Igimonsan, ID: 6672706849) New admin: 6649917267
[2025-08-30T14:29:52.315Z] ADDADMIN_COMMAND - User: Samsudin (@Iggimon, ID: 6649917267) Target: 123
[2025-08-30T14:59:26.355Z] REMOVEADMIN_COMMAND - User: Igi || READY UNBAN 2023 HARIAN (@Igimonsan, ID: 6672706849) Target: 6649917267
[2025-08-30T14:59:26.750Z] ADMIN_REMOVED - User: Igi || READY UNBAN 2023 HARIAN (@Igimonsan, ID: 6672706849) Removed admin: 6649917267
[2025-08-30T14:59:40.448Z] ADDADMIN_COMMAND - User: Igi || READY UNBAN 2023 HARIAN (@Igimonsan, ID: 6672706849) Target: 6649917267
[2025-08-30T14:59:40.836Z] ADMIN_ADDED - User: Igi || READY UNBAN 2023 HARIAN (@Igimonsan, ID: 6672706849) New admin: 6649917267
[2025-08-30T15:08:18.190Z] AUTOJOIN_COMMAND - User: Igi || READY UNBAN 2023 HARIAN (@Igimonsan, ID: 6672706849) Phone: not provided
[2025-08-30T15:08:40.052Z] AUTOJOIN_COMMAND - User: Igi || READY UNBAN 2023 HARIAN (@Igimonsan, ID: 6672706849) Phone: 6283862759162
[2025-08-30T15:08:48.768Z] AUTOJOIN_COMMAND - User: Igi || READY UNBAN 2023 HARIAN (@Igimonsan, ID: 6672706849) Phone: 6283862759162
[2025-08-30T15:28:22.965Z] AUTOJOIN_COMMAND - User: Igi || READY UNBAN 2023 HARIAN (@Igimonsan, ID: 6672706849) Phone: 6283862759162
[2025-08-30T15:29:08.330Z] AUTOJOIN_COMMAND - User: Igi || READY UNBAN 2023 HARIAN (@Igimonsan, ID: 6672706849) Phone: 6283862759162
[2025-08-30T15:29:20.231Z] CANCEL_COMMAND - User: Igi || READY UNBAN 2023 HARIAN (@Igimonsan, ID: 6672706849) 
[2025-08-30T15:29:20.231Z] CANCELAUTOJOIN_COMMAND - User: Igi || READY UNBAN 2023 HARIAN (@Igimonsan, ID: 6672706849) 
[2025-08-30T15:29:20.988Z] AUTOJOIN_CANCELLED - User: Igi || READY UNBAN 2023 HARIAN (@Igimonsan, ID: 6672706849) Phone: 6283862759162
[2025-08-30T15:29:27.617Z] AUTOJOIN_COMMAND - User: Igi || READY UNBAN 2023 HARIAN (@Igimonsan, ID: 6672706849) Phone: 6283862759162
[2025-08-31T02:10:39.411Z] AUTOJOIN_COMMAND - User: Igi || READY UNBAN 2023 HARIAN (@Igimonsan, ID: 6672706849) Phone: 6283862759162
[2025-08-31T02:10:51.240Z] AUTOJOIN_COMMAND - User: Igi || READY UNBAN 2023 HARIAN (@Igimonsan, ID: 6672706849) Phone: 6283862759162
[2025-08-31T02:19:35.272Z] AUTOJOIN_COMMAND - User: Igi || READY UNBAN 2023 HARIAN (@Igimonsan, ID: 6672706849) Phone: 6283862759162
[2025-08-31T02:21:06.391Z] AUTOJOIN_COMMAND - User: Igi || READY UNBAN 2023 HARIAN (@Igimonsan, ID: 6672706849) Phone: 6283862759162
[2025-08-31T02:21:15.507Z] AUTOJOIN_COMMAND - User: Igi || READY UNBAN 2023 HARIAN (@Igimonsan, ID: 6672706849) Phone: 6283862759162
[2025-08-31T02:21:23.657Z] AUTOJOIN_COMMAND - User: Igi || READY UNBAN 2023 HARIAN (@Igimonsan, ID: 6672706849) Phone: 6283862759162
[2025-08-31T02:21:42.057Z] AUTOJOIN_COMMAND - User: Igi || READY UNBAN 2023 HARIAN (@Igimonsan, ID: 6672706849) Phone: 6283862759162
[2025-08-31T02:22:15.452Z] AUTOJOIN_COMMAND - User: Igi || READY UNBAN 2023 HARIAN (@Igimonsan, ID: 6672706849) Phone: 6283862759162
[2025-08-31T02:23:50.726Z] AUTOJOIN_COMMAND - User: Igi || READY UNBAN 2023 HARIAN (@Igimonsan, ID: 6672706849) Phone: 6283862759162
[2025-08-31T02:33:06.382Z] AUTOJOIN_COMMAND - User: Igi || READY UNBAN 2023 HARIAN (@Igimonsan, ID: 6672706849) Phone: 6283862759162
[2025-08-31T02:33:06.832Z] AUTOJOIN_SESSION_STARTED - User: Igi || READY UNBAN 2023 HARIAN (@Igimonsan, ID: 6672706849) Phone: 6283862759162
[2025-08-31T02:34:25.217Z] ADDLINKS_COMMAND - User: Igi || READY UNBAN 2023 HARIAN (@Igimonsan, ID: 6672706849) 
[2025-08-31T02:35:02.817Z] AUTOJOIN_COMMAND - User: Igi || READY UNBAN 2023 HARIAN (@Igimonsan, ID: 6672706849) Phone: 6283862759162
[2025-08-31T02:35:03.272Z] AUTOJOIN_SESSION_STARTED - User: Igi || READY UNBAN 2023 HARIAN (@Igimonsan, ID: 6672706849) Phone: 6283862759162
[2025-08-31T02:36:07.767Z] ADDLINKS_COMMAND - User: Igi || READY UNBAN 2023 HARIAN (@Igimonsan, ID: 6672706849) 
[2025-08-31T02:36:38.829Z] START_COMMAND - User: Igi || READY UNBAN 2023 HARIAN (@Igimonsan, ID: 6672706849) 
[2025-08-31T02:36:38.830Z] STARTJOIN_COMMAND - User: Igi || READY UNBAN 2023 HARIAN (@Igimonsan, ID: 6672706849) 
[2025-08-31T02:36:53.093Z] ADDLINKS_COMMAND - User: Igi || READY UNBAN 2023 HARIAN (@Igimonsan, ID: 6672706849) 
[2025-08-31T02:37:11.469Z] LINKS_SAVED - User: Igi || READY UNBAN 2023 HARIAN (@Igimonsan, ID: 6672706849) Phone: 6283862759162, Count: 0
[2025-08-31T02:37:32.668Z] SHOWLINKS_COMMAND - User: Igi || READY UNBAN 2023 HARIAN (@Igimonsan, ID: 6672706849) 
[2025-08-31T02:37:38.914Z] ADDLINKS_COMMAND - User: Igi || READY UNBAN 2023 HARIAN (@Igimonsan, ID: 6672706849) 
[2025-08-31T02:38:16.002Z] LINKS_SAVED - User: Igi || READY UNBAN 2023 HARIAN (@Igimonsan, ID: 6672706849) Phone: 6283862759162, Count: 1
[2025-08-31T02:38:22.581Z] START_COMMAND - User: Igi || READY UNBAN 2023 HARIAN (@Igimonsan, ID: 6672706849) 
[2025-08-31T02:38:22.581Z] STARTJOIN_COMMAND - User: Igi || READY UNBAN 2023 HARIAN (@Igimonsan, ID: 6672706849) 
[2025-08-31T02:38:22.956Z] AUTOJOIN_STARTED - User: Igi || READY UNBAN 2023 HARIAN (@Igimonsan, ID: 6672706849) Phone: 6283862759162, Links: 1
[2025-08-31T02:38:27.655Z] AUTOJOIN_SUCCESS - User: Igi || READY UNBAN 2023 HARIAN (@Igimonsan, ID: 6672706849) Phone: 6283862759162, Success: 0, Failed: 1, Total: 1
[2025-08-31T02:40:12.118Z] AUTOJOIN_COMMAND - User: Igi || READY UNBAN 2023 HARIAN (@Igimonsan, ID: 6672706849) Phone: 6283862759162
[2025-08-31T02:40:12.562Z] AUTOJOIN_SESSION_STARTED - User: Igi || READY UNBAN 2023 HARIAN (@Igimonsan, ID: 6672706849) Phone: 6283862759162
[2025-08-31T02:41:03.736Z] ADDLINKS_COMMAND - User: Igi || READY UNBAN 2023 HARIAN (@Igimonsan, ID: 6672706849) 
[2025-08-31T02:41:13.363Z] AUTOJOIN_COMMAND - User: Igi || READY UNBAN 2023 HARIAN (@Igimonsan, ID: 6672706849) Phone: 6283862759162
[2025-08-31T02:41:13.900Z] AUTOJOIN_SESSION_STARTED - User: Igi || READY UNBAN 2023 HARIAN (@Igimonsan, ID: 6672706849) Phone: 6283862759162
[2025-08-31T02:41:59.733Z] AUTOJOIN_COMMAND - User: Igi || READY UNBAN 2023 HARIAN (@Igimonsan, ID: 6672706849) Phone: 6289519705542
[2025-08-31T02:42:00.203Z] AUTOJOIN_SESSION_STARTED - User: Igi || READY UNBAN 2023 HARIAN (@Igimonsan, ID: 6672706849) Phone: 6289519705542
[2025-08-31T02:42:44.677Z] ADDLINKS_COMMAND - User: Igi || READY UNBAN 2023 HARIAN (@Igimonsan, ID: 6672706849) 
[2025-08-31T02:42:57.284Z] LINKS_SAVED - User: Igi || READY UNBAN 2023 HARIAN (@Igimonsan, ID: 6672706849) Phone: 6289519705542, Count: 1
[2025-08-31T02:43:40.786Z] SHOWLINKS_COMMAND - User: Igi || READY UNBAN 2023 HARIAN (@Igimonsan, ID: 6672706849) 
[2025-08-31T02:43:45.929Z] ADDLINKS_COMMAND - User: Igi || READY UNBAN 2023 HARIAN (@Igimonsan, ID: 6672706849) 
[2025-08-31T02:43:56.433Z] LINKS_SAVED - User: Igi || READY UNBAN 2023 HARIAN (@Igimonsan, ID: 6672706849) Phone: 6289519705542, Count: 2
[2025-08-31T02:44:01.381Z] START_COMMAND - User: Igi || READY UNBAN 2023 HARIAN (@Igimonsan, ID: 6672706849) 
[2025-08-31T02:44:01.382Z] STARTJOIN_COMMAND - User: Igi || READY UNBAN 2023 HARIAN (@Igimonsan, ID: 6672706849) 
[2025-08-31T02:44:01.891Z] AUTOJOIN_STARTED - User: Igi || READY UNBAN 2023 HARIAN (@Igimonsan, ID: 6672706849) Phone: 6289519705542, Links: 2
[2025-08-31T02:44:09.967Z] AUTOJOIN_SUCCESS - User: Igi || READY UNBAN 2023 HARIAN (@Igimonsan, ID: 6672706849) Phone: 6289519705542, Success: 2, Failed: 0, Total: 2
[2025-08-31T02:44:38.354Z] AUTOJOIN_COMMAND - User: Igi || READY UNBAN 2023 HARIAN (@Igimonsan, ID: 6672706849) Phone: 6289519705542
[2025-08-31T02:44:39.190Z] AUTOJOIN_SESSION_STARTED - User: Igi || READY UNBAN 2023 HARIAN (@Igimonsan, ID: 6672706849) Phone: 6289519705542
[2025-08-31T02:44:45.703Z] AUTOJOIN_FAILED - User: Igi || READY UNBAN 2023 HARIAN (@Igimonsan, ID: 6672706849) Phone: 6289519705542, Code: 1
[2025-08-31T02:44:55.934Z] AUTOJOIN_COMMAND - User: Igi || READY UNBAN 2023 HARIAN (@Igimonsan, ID: 6672706849) Phone: 6289519705542
[2025-08-31T02:44:56.595Z] AUTOJOIN_SESSION_STARTED - User: Igi || READY UNBAN 2023 HARIAN (@Igimonsan, ID: 6672706849) Phone: 6289519705542
[2025-08-31T02:45:00.149Z] AUTOJOIN_FAILED - User: Igi || READY UNBAN 2023 HARIAN (@Igimonsan, ID: 6672706849) Phone: 6289519705542, Code: 1
[2025-08-31T02:49:48.566Z] AUTOJOIN_COMMAND - User: Igi || READY UNBAN 2023 HARIAN (@Igimonsan, ID: 6672706849) Phone: 6289519705542
[2025-08-31T02:49:49.024Z] AUTOJOIN_SESSION_STARTED - User: Igi || READY UNBAN 2023 HARIAN (@Igimonsan, ID: 6672706849) Phone: 6289519705542
[2025-08-31T02:58:05.287Z] AUTOJOIN_COMMAND - User: Igi || READY UNBAN 2023 HARIAN (@Igimonsan, ID: 6672706849) Phone: 6289519705542
[2025-08-31T02:59:18.574Z] AUTOJOIN_COMMAND - User: Igi || READY UNBAN 2023 HARIAN (@Igimonsan, ID: 6672706849) Phone: 6289519705542
[2025-08-31T03:01:52.022Z] AUTOJOIN_COMMAND - User: Igi || READY UNBAN 2023 HARIAN (@Igimonsan, ID: 6672706849) Phone: 6289519705542
[2025-08-31T03:02:03.501Z] START_COMMAND - User: Igi || READY UNBAN 2023 HARIAN (@Igimonsan, ID: 6672706849) 
[2025-08-31T03:02:03.502Z] STARTJOIN_COMMAND - User: Igi || READY UNBAN 2023 HARIAN (@Igimonsan, ID: 6672706849) 
[2025-08-31T03:12:25.320Z] AUTOJOIN_COMMAND - User: Igi || READY UNBAN 2023 HARIAN (@Igimonsan, ID: 6672706849) Phone: 6289519705542
[2025-08-31T03:15:09.780Z] START_COMMAND - User: Igi || READY UNBAN 2023 HARIAN (@Igimonsan, ID: 6672706849) 
[2025-08-31T03:15:47.068Z] CANCEL_COMMAND - User: Igi || READY UNBAN 2023 HARIAN (@Igimonsan, ID: 6672706849) 
[2025-08-31T03:15:47.534Z] PROCESS_CANCELLED - User: Igi || READY UNBAN 2023 HARIAN (@Igimonsan, ID: 6672706849) Phone: 6289519705542
[2025-08-31T03:15:47.561Z] AUTOJOIN_FAILED - User: Igi || READY UNBAN 2023 HARIAN (@Igimonsan, ID: 6672706849) Phone: 6289519705542, Code: null
[2025-08-31T03:25:23.978Z] JOIN_COMMAND - User: Igi || READY UNBAN 2023 HARIAN (@Igimonsan, ID: 6672706849) Phone: 6289519705542
[2025-08-31T03:26:43.892Z] ADDLINKS_COMMAND - User: Igi || READY UNBAN 2023 HARIAN (@Igimonsan, ID: 6672706849) 
[2025-08-31T03:27:52.437Z] ADDLINKS_COMMAND - User: Igi || READY UNBAN 2023 HARIAN (@Igimonsan, ID: 6672706849) 
[2025-08-31T03:29:20.394Z] JOIN_COMMAND - User: Igi || READY UNBAN 2023 HARIAN (@Igimonsan, ID: 6672706849) Phone: 6289519705542
[2025-08-31T03:29:30.577Z] CANCEL_COMMAND - User: Igi || READY UNBAN 2023 HARIAN (@Igimonsan, ID: 6672706849) 
[2025-08-31T03:29:30.958Z] SESSION_CANCELLED - User: Igi || READY UNBAN 2023 HARIAN (@Igimonsan, ID: 6672706849) 
[2025-08-31T03:29:59.892Z] JOIN_COMMAND - User: Igi || READY UNBAN 2023 HARIAN (@Igimonsan, ID: 6672706849) Phone: 6283862759162
[2025-08-31T03:31:19.246Z] ADDLINKS_COMMAND - User: Igi || READY UNBAN 2023 HARIAN (@Igimonsan, ID: 6672706849) 
[2025-08-31T03:32:53.746Z] JOIN_COMMAND - User: Igi || READY UNBAN 2023 HARIAN (@Igimonsan, ID: 6672706849) Phone: 6283862759162
[2025-08-31T04:03:13.054Z] AUTOJOIN_COMMAND - User: Igi || READY UNBAN 2023 HARIAN (@Igimonsan, ID: 6672706849) Phone: 6283862759162
[2025-08-31T04:04:06.428Z] ADDLINKS_COMMAND - User: Igi || READY UNBAN 2023 HARIAN (@Igimonsan, ID: 6672706849) 
[2025-08-31T04:04:30.050Z] LINKS_ADDED - User: Igi || READY UNBAN 2023 HARIAN (@Igimonsan, ID: 6672706849) Phone: 6283862759162, New: 1, Total: 1
[2025-08-31T04:04:56.896Z] LINKS_ADDED - User: Igi || READY UNBAN 2023 HARIAN (@Igimonsan, ID: 6672706849) Phone: 6283862759162, New: 1, Total: 2
[2025-08-31T04:04:59.884Z] START_COMMAND - User: Igi || READY UNBAN 2023 HARIAN (@Igimonsan, ID: 6672706849) 
[2025-08-31T04:04:59.885Z] STARTJOIN_COMMAND - User: Igi || READY UNBAN 2023 HARIAN (@Igimonsan, ID: 6672706849) 
[2025-08-31T04:05:08.852Z] CONFIRM_COMMAND - User: Igi || READY UNBAN 2023 HARIAN (@Igimonsan, ID: 6672706849) 
[2025-08-31T04:05:09.285Z] JOIN_PROCESS_STARTED - User: Igi || READY UNBAN 2023 HARIAN (@Igimonsan, ID: 6672706849) Phone: 6283862759162, Links: 2
[2025-08-31T04:05:15.979Z] AUTOJOIN_COMPLETED - User: Igi || READY UNBAN 2023 HARIAN (@Igimonsan, ID: 6672706849) Phone: 6283862759162, Code: 0
[2025-08-31T04:05:53.447Z] AUTOJOIN_COMMAND - User: Igi || READY UNBAN 2023 HARIAN (@Igimonsan, ID: 6672706849) Phone: 6283862759162
[2025-08-31T04:06:00.710Z] AUTOJOIN_COMPLETED - User: Igi || READY UNBAN 2023 HARIAN (@Igimonsan, ID: 6672706849) Phone: 6283862759162, Code: 1
[2025-08-31T04:18:03.585Z] AUTOJOIN_COMMAND - User: Igi || READY UNBAN 2023 HARIAN (@Igimonsan, ID: 6672706849) Phone: 6283862759162
[2025-08-31T04:19:10.673Z] ADDLINKS_COMMAND - User: Igi || READY UNBAN 2023 HARIAN (@Igimonsan, ID: 6672706849) 
[2025-08-31T04:19:24.095Z] LINKS_ADDED - User: Igi || READY UNBAN 2023 HARIAN (@Igimonsan, ID: 6672706849) Phone: 6283862759162, New: 2, Total: 2
[2025-08-31T04:19:31.005Z] START_COMMAND - User: Igi || READY UNBAN 2023 HARIAN (@Igimonsan, ID: 6672706849) 
[2025-08-31T04:19:31.005Z] STARTJOIN_COMMAND - User: Igi || READY UNBAN 2023 HARIAN (@Igimonsan, ID: 6672706849) 
[2025-08-31T04:19:38.443Z] CONFIRM_COMMAND - User: Igi || READY UNBAN 2023 HARIAN (@Igimonsan, ID: 6672706849) 
[2025-08-31T04:19:38.832Z] JOIN_PROCESS_STARTED - User: Igi || READY UNBAN 2023 HARIAN (@Igimonsan, ID: 6672706849) Phone: 6283862759162, Links: 2
[2025-08-31T04:19:42.767Z] AUTOJOIN_COMPLETED - User: Igi || READY UNBAN 2023 HARIAN (@Igimonsan, ID: 6672706849) Phone: 6283862759162, Code: 0
[2025-08-31T04:20:18.688Z] AUTOJOIN_COMMAND - User: Igi || READY UNBAN 2023 HARIAN (@Igimonsan, ID: 6672706849) Phone: 6283862759162
[2025-08-31T04:20:38.136Z] CANCEL_COMMAND - User: Igi || READY UNBAN 2023 HARIAN (@Igimonsan, ID: 6672706849) 
[2025-08-31T04:20:38.571Z] AUTOJOIN_COMPLETED - User: Igi || READY UNBAN 2023 HARIAN (@Igimonsan, ID: 6672706849) Phone: 6283862759162, Code: null
[2025-08-31T04:20:38.600Z] AUTOJOIN_CANCELLED - User: Igi || READY UNBAN 2023 HARIAN (@Igimonsan, ID: 6672706849) Phone: 6283862759162
[2025-08-31T04:21:23.467Z] AUTOJOIN_COMMAND - User: Igi || READY UNBAN 2023 HARIAN (@Igimonsan, ID: 6672706849) Phone: 6283862759162
[2025-08-31T04:22:01.716Z] LINKS_ADDED - User: Igi || READY UNBAN 2023 HARIAN (@Igimonsan, ID: 6672706849) Phone: 6283862759162, New: 1, Total: 1
[2025-08-31T04:22:06.602Z] START_COMMAND - User: Igi || READY UNBAN 2023 HARIAN (@Igimonsan, ID: 6672706849) 
[2025-08-31T04:22:06.602Z] STARTJOIN_COMMAND - User: Igi || READY UNBAN 2023 HARIAN (@Igimonsan, ID: 6672706849) 
[2025-08-31T04:22:11.883Z] CONFIRM_COMMAND - User: Igi || READY UNBAN 2023 HARIAN (@Igimonsan, ID: 6672706849) 
[2025-08-31T04:22:12.251Z] JOIN_PROCESS_STARTED - User: Igi || READY UNBAN 2023 HARIAN (@Igimonsan, ID: 6672706849) Phone: 6283862759162, Links: 1
[2025-08-31T04:22:16.679Z] AUTOJOIN_COMPLETED - User: Igi || READY UNBAN 2023 HARIAN (@Igimonsan, ID: 6672706849) Phone: 6283862759162, Code: 0
[2025-08-31T04:23:37.722Z] AUTOJOIN_COMMAND - User: Igi || READY UNBAN 2023 HARIAN (@Igimonsan, ID: 6672706849) Phone: 6283862759162
[2025-08-31T04:23:47.410Z] LINKS_ADDED - User: Igi || READY UNBAN 2023 HARIAN (@Igimonsan, ID: 6672706849) Phone: 6283862759162, New: 1, Total: 1
[2025-08-31T04:23:52.280Z] START_COMMAND - User: Igi || READY UNBAN 2023 HARIAN (@Igimonsan, ID: 6672706849) 
[2025-08-31T04:23:52.281Z] STARTJOIN_COMMAND - User: Igi || READY UNBAN 2023 HARIAN (@Igimonsan, ID: 6672706849) 
[2025-08-31T04:23:59.891Z] CONFIRM_COMMAND - User: Igi || READY UNBAN 2023 HARIAN (@Igimonsan, ID: 6672706849) 
[2025-08-31T04:24:00.275Z] JOIN_PROCESS_STARTED - User: Igi || READY UNBAN 2023 HARIAN (@Igimonsan, ID: 6672706849) Phone: 6283862759162, Links: 1
[2025-08-31T04:24:05.799Z] AUTOJOIN_COMPLETED - User: Igi || READY UNBAN 2023 HARIAN (@Igimonsan, ID: 6672706849) Phone: 6283862759162, Code: 0
[2025-08-31T04:51:17.973Z] START_COMMAND - User: Igi || READY UNBAN 2023 HARIAN (@Igimonsan, ID: 6672706849) 
[2025-08-31T04:51:31.361Z] AUTOJOIN_COMMAND - User: Igi || READY UNBAN 2023 HARIAN (@Igimonsan, ID: 6672706849) Phone: 6289519705542
[2025-08-31T04:52:33.929Z] LINKS_ADDED - User: Igi || READY UNBAN 2023 HARIAN (@Igimonsan, ID: 6672706849) Phone: 6289519705542, New: 21, Total: 21
[2025-08-31T04:52:41.184Z] GOJOIN_COMMAND - User: Igi || READY UNBAN 2023 HARIAN (@Igimonsan, ID: 6672706849) 
[2025-08-31T04:52:48.482Z] CONFIRM_COMMAND - User: Igi || READY UNBAN 2023 HARIAN (@Igimonsan, ID: 6672706849) 
[2025-08-31T04:52:48.933Z] JOIN_PROCESS_STARTED - User: Igi || READY UNBAN 2023 HARIAN (@Igimonsan, ID: 6672706849) Phone: 6289519705542, Links: 21
[2025-08-31T04:53:06.313Z] AUTOJOIN_COMPLETED - User: Igi || READY UNBAN 2023 HARIAN (@Igimonsan, ID: 6672706849) Phone: 6289519705542, Code: 0
[2025-08-31T04:53:19.559Z] CANCEL_COMMAND - User: Igi || READY UNBAN 2023 HARIAN (@Igimonsan, ID: 6672706849) 
[2025-08-31T05:32:40.184Z] AUTOJOIN_COMMAND - User: Igi || READY UNBAN 2023 HARIAN (@Igimonsan, ID: 6672706849) Phone: 6283862759162
[2025-08-31T05:32:41.055Z] AUTOJOIN_START_ERROR - User: Igi || READY UNBAN 2023 HARIAN (@Igimonsan, ID: 6672706849) Phone: 6283862759162, Error: extractorProcess is not defined
[2025-08-31T05:33:28.203Z] ADDLINKS_COMMAND - User: Igi || READY UNBAN 2023 HARIAN (@Igimonsan, ID: 6672706849) 
[2025-08-31T05:33:39.721Z] LINKS_ADDED - User: Igi || READY UNBAN 2023 HARIAN (@Igimonsan, ID: 6672706849) Phone: 6283862759162, New: 2, Total: 2
[2025-08-31T05:33:43.766Z] START_COMMAND - User: Igi || READY UNBAN 2023 HARIAN (@Igimonsan, ID: 6672706849) 
[2025-08-31T05:33:43.767Z] STARTJOIN_COMMAND - User: Igi || READY UNBAN 2023 HARIAN (@Igimonsan, ID: 6672706849) 
[2025-08-31T05:33:49.110Z] CONFIRM_COMMAND - User: Igi || READY UNBAN 2023 HARIAN (@Igimonsan, ID: 6672706849) 
[2025-08-31T05:33:49.486Z] JOIN_PROCESS_STARTED - User: Igi || READY UNBAN 2023 HARIAN (@Igimonsan, ID: 6672706849) Phone: 6283862759162, Links: 2
[2025-08-31T05:33:56.645Z] AUTOJOIN_SESSION_COMPLETED - User: undefined (@undefined, ID: 6672706849) Phone: 6283862759162
[2025-08-31T05:33:59.569Z] AUTOJOIN_SESSION_COMPLETED - User: undefined (@undefined, ID: 6672706849) Phone: 6283862759162
[2025-08-31T05:34:37.635Z] AUTOJOIN_COMMAND - User: Igi || READY UNBAN 2023 HARIAN (@Igimonsan, ID: 6672706849) Phone: 6289519705542
[2025-08-31T05:34:38.424Z] AUTOJOIN_START_ERROR - User: Igi || READY UNBAN 2023 HARIAN (@Igimonsan, ID: 6672706849) Phone: 6289519705542, Error: extractorProcess is not defined
[2025-08-31T05:34:46.143Z] CANCEL_COMMAND - User: Igi || READY UNBAN 2023 HARIAN (@Igimonsan, ID: 6672706849) 
